
ROM used: 710 (9%)
          710 (9%) including unused fragments

          1 Average locations per line
          3 Average locations per statement

RAM used: 12 (3%) at main() level
          30 (8%) worst case

Stack used: 7 worst case (out of 8 total available)

Lines Stmts  %   Files
----- ----- ---  -----
  220    45  18  main.c
  298     0   0  ..\..\..\..\Program Files (x86)\PICC\devices\16F877.h
  409   121  48  ..\..\..\..\Program Files (x86)\PICC\drivers\string.h
   28     0   0  ..\..\..\..\Program Files (x86)\PICC\drivers\stddef.h
   28     0   0  ..\..\..\..\Program Files (x86)\PICC\drivers\ctype.h
   78     0   0  ..\..\INCLUDES\16f8x_registradores.h
  168    46  18  ..\..\INCLUDES\usart.h
  173    41  16  ..\..\includes\lcd.h
----- -----
 1402   253 Total

Page ROM  %  RAM   Vol Diff  Functions:
---- --- --- ---   --- ----  ----------
0     21   3   1             @delay_ms1
0     15   2   2    70  1.4  usart_baud_rate
0     22   3   3   120  1.6  usart_int
0     36   5   5   263  3.0  usart_config
 Inline        1    27  1.3  usart_tx
 Inline        1   260  2.7  usart_rx
 Inline        0    18  0.5  interrupt_rx_usart
0      8   1   0             @const238
0     39   5   1   260  1.9  lcd_envia_nibble
0     32   5   3   176  2.7  lcd_envia_byte
0     61   9   2   433  4.3  lcd_ini
0     18   3   4   186  5.5  lcd_pos_xy
0     40   6   1   293  3.9  lcd_escreve
 Inline        1   183  3.6  recebe_dado_usart
0     63   9   1   174  3.2  interrupcao
0    241  34   1   275  3.1  trata_dado_serial
0      4   1   0             @const256
 Inline        4             @PSTRINGCN7_251
0     21   3   3             @DIV88
 Inline        2             @PRINTF_U_251
0      4   1   0             @const265
 Inline        3             @PSTRINGC7_251
0     81  11   0   486  2.9  MAIN

Program metrics:
    Functions               15
    Statements              253
    Comments                491
    Volume (V)              5631
    Difficilty (D)          41.9
    Effort to implement (E) 236217
    Time to implement (T)   3 hours, 39 minutes
    Est Delivered Bugs (B)  1
    Cyclomatic Complexity   16
    Maintainability (MI)    121

 Segment     Used  Free
-----------  ----  ----
00000-00003     4  0  
00004-00042    63  0  
00043-007FF   643  1338  
00800-00FFF     0  2048  
01000-017FF     0  2048  
01800-01FFF     0  2048  



